<?xml version="1.0" encoding="UTF-8"?>
<!-- Generated by org.testng.reporters.JUnitXMLReporter -->
<testsuite ignored="0" hostname="Admin" failures="0" tests="5" name="Default test" time="15.658" errors="0" timestamp="06 Sep 2022 09:19:05 GMT">
  <testcase classname="com.noncommerce.user.User_01_Register_Login" name="Re_01_EmptyData" time="3.455"/>
  <testcase classname="com.noncommerce.user.User_01_Register_Login" name="Re_02_InvalidEmail" time="2.037"/>
  <testcase classname="com.noncommerce.user.User_01_Register_Login" name="Re_03_ValidData" time="1.544"/>
  <testcase classname="com.noncommerce.user.User_01_Register_Login" name="Re_04_PasswordLessThan6" time="2.146"/>
  <testcase classname="com.noncommerce.user.User_01_Register_Login" name="Re_05_ConfirmPasswordInvalid" time="1.771"/>
</testsuite> <!-- Default test -->
