<?xml version="1.0" encoding="UTF-8"?>
<testng-results ignored="0" total="5" passed="5" failed="0" skipped="0">
  <reporter-output>
  </reporter-output>
  <suite started-at="2022-09-06T09:18:50Z" name="Default suite" finished-at="2022-09-06T09:19:05Z" duration-ms="15658">
    <groups>
    </groups>
    <test started-at="2022-09-06T09:18:50Z" name="Default test" finished-at="2022-09-06T09:19:05Z" duration-ms="15658">
      <class name="com.noncommerce.user.User_01_Register_Login">
        <test-method is-config="true" signature="beforeClass()[pri:0, instance:com.noncommerce.user.User_01_Register_Login@510f3d34]" started-at="2022-09-06T09:18:50Z" name="beforeClass" finished-at="2022-09-06T09:18:54Z" duration-ms="4218" status="PASS">
          <reporter-output>
          </reporter-output>
        </test-method> <!-- beforeClass -->
        <test-method signature="Re_01_EmptyData()[pri:0, instance:com.noncommerce.user.User_01_Register_Login@510f3d34]" started-at="2022-09-06T09:18:54Z" name="Re_01_EmptyData" finished-at="2022-09-06T09:18:57Z" duration-ms="3455" status="PASS">
          <reporter-output>
          </reporter-output>
        </test-method> <!-- Re_01_EmptyData -->
        <test-method signature="Re_02_InvalidEmail()[pri:0, instance:com.noncommerce.user.User_01_Register_Login@510f3d34]" started-at="2022-09-06T09:18:57Z" name="Re_02_InvalidEmail" finished-at="2022-09-06T09:18:59Z" duration-ms="2037" status="PASS">
          <reporter-output>
          </reporter-output>
        </test-method> <!-- Re_02_InvalidEmail -->
        <test-method signature="Re_03_ValidData()[pri:0, instance:com.noncommerce.user.User_01_Register_Login@510f3d34]" started-at="2022-09-06T09:18:59Z" name="Re_03_ValidData" finished-at="2022-09-06T09:19:01Z" duration-ms="1544" status="PASS">
          <reporter-output>
          </reporter-output>
        </test-method> <!-- Re_03_ValidData -->
        <test-method signature="Re_04_PasswordLessThan6()[pri:0, instance:com.noncommerce.user.User_01_Register_Login@510f3d34]" started-at="2022-09-06T09:19:01Z" name="Re_04_PasswordLessThan6" finished-at="2022-09-06T09:19:03Z" duration-ms="2146" status="PASS">
          <reporter-output>
          </reporter-output>
        </test-method> <!-- Re_04_PasswordLessThan6 -->
        <test-method signature="Re_05_ConfirmPasswordInvalid()[pri:0, instance:com.noncommerce.user.User_01_Register_Login@510f3d34]" started-at="2022-09-06T09:19:03Z" name="Re_05_ConfirmPasswordInvalid" finished-at="2022-09-06T09:19:05Z" duration-ms="1771" status="PASS">
          <reporter-output>
          </reporter-output>
        </test-method> <!-- Re_05_ConfirmPasswordInvalid -->
        <test-method is-config="true" signature="AfterClass()[pri:0, instance:com.noncommerce.user.User_01_Register_Login@510f3d34]" started-at="2022-09-06T09:19:05Z" name="AfterClass" finished-at="2022-09-06T09:19:05Z" duration-ms="473" status="PASS">
          <reporter-output>
          </reporter-output>
        </test-method> <!-- AfterClass -->
      </class> <!-- com.noncommerce.user.User_01_Register_Login -->
    </test> <!-- Default test -->
  </suite> <!-- Default suite -->
</testng-results>
